INFO: [VRFC 10-2263] Analyzing Verilog file "C:/Users/dell/Microprocessor/microprocessor.srcs/sources_1/new/8bitscter.v" into library xil_defaultlib
INFO: [VRFC 10-311] analyzing module cter
INFO: [VRFC 10-2263] Analyzing Verilog file "C:/Users/dell/Microprocessor/microprocessor.srcs/sources_1/new/CPU.v" into library xil_defaultlib
INFO: [VRFC 10-311] analyzing module CPU
INFO: [VRFC 10-2263] Analyzing Verilog file "C:/Users/dell/Microprocessor/microprocessor.srcs/sources_1/new/Dcode.v" into library xil_defaultlib
INFO: [VRFC 10-311] analyzing module Dcode
INFO: [VRFC 10-2263] Analyzing Verilog file "C:/Users/dell/multiplier/multiplier.srcs/sources_1/new/FA.v" into library xil_defaultlib
INFO: [VRFC 10-311] analyzing module FA
INFO: [VRFC 10-2263] Analyzing Verilog file "C:/Users/dell/multiplier/multiplier.srcs/sources_1/new/FA16.v" into library xil_defaultlib
INFO: [VRFC 10-311] analyzing module FA16
INFO: [VRFC 10-2263] Analyzing Verilog file "C:/Users/dell/Microprocessor/microprocessor.srcs/sources_1/new/RAM128_8.v" into library xil_defaultlib
INFO: [VRFC 10-311] analyzing module RAM128_8
INFO: [VRFC 10-2263] Analyzing Verilog file "C:/Users/dell/Microprocessor/microprocessor.srcs/sources_1/new/RAM168.v" into library xil_defaultlib
INFO: [VRFC 10-311] analyzing module RAM16_8
INFO: [VRFC 10-2263] Analyzing Verilog file "C:/Users/dell/Microprocessor/microprocessor.srcs/sources_1/new/RAM2-8.v" into library xil_defaultlib
INFO: [VRFC 10-311] analyzing module RAM2_8
INFO: [VRFC 10-2263] Analyzing Verilog file "C:/Users/dell/Microprocessor/microprocessor.srcs/sources_1/new/RAM32_8.v" into library xil_defaultlib
INFO: [VRFC 10-311] analyzing module RAM32_8
INFO: [VRFC 10-2263] Analyzing Verilog file "C:/Users/dell/Microprocessor/microprocessor.srcs/sources_1/new/RAM4_8.v" into library xil_defaultlib
INFO: [VRFC 10-311] analyzing module RAM4_8
INFO: [VRFC 10-2263] Analyzing Verilog file "C:/Users/dell/Microprocessor/microprocessor.srcs/sources_1/new/RAM64_8.v" into library xil_defaultlib
INFO: [VRFC 10-311] analyzing module RAM64_8
INFO: [VRFC 10-2263] Analyzing Verilog file "C:/Users/dell/Microprocessor/microprocessor.srcs/sources_1/new/RAM8_8.v" into library xil_defaultlib
INFO: [VRFC 10-311] analyzing module RAM8_8
INFO: [VRFC 10-2263] Analyzing Verilog file "C:/Users/dell/Microprocessor/microprocessor.srcs/sources_1/new/RMblock.v" into library xil_defaultlib
INFO: [VRFC 10-311] analyzing module RMblock
INFO: [VRFC 10-2263] Analyzing Verilog file "C:/Users/dell/Microprocessor/microprocessor.srcs/sources_1/new/dff.v" into library xil_defaultlib
INFO: [VRFC 10-311] analyzing module dff
INFO: [VRFC 10-2263] Analyzing Verilog file "C:/Users/dell/Microprocessor/microprocessor.srcs/sources_1/new/dff8.v" into library xil_defaultlib
INFO: [VRFC 10-311] analyzing module dff8
INFO: [VRFC 10-2263] Analyzing Verilog file "C:/Users/dell/Microprocessor/microprocessor.srcs/sources_1/new/dmux.v" into library xil_defaultlib
INFO: [VRFC 10-311] analyzing module dmux
INFO: [VRFC 10-2263] Analyzing Verilog file "C:/Users/dell/Microprocessor/microprocessor.srcs/sources_1/new/multiplexer.v" into library xil_defaultlib
INFO: [VRFC 10-311] analyzing module mux
INFO: [VRFC 10-2263] Analyzing Verilog file "C:/Users/dell/Microprocessor/microprocessor.srcs/sources_1/new/muxx.v" into library xil_defaultlib
INFO: [VRFC 10-311] analyzing module muxx
INFO: [VRFC 10-2263] Analyzing Verilog file "C:/Users/dell/Microprocessor/microprocessor.srcs/sources_1/new/muxx16.v" into library xil_defaultlib
INFO: [VRFC 10-311] analyzing module muxx16
INFO: [VRFC 10-2263] Analyzing Verilog file "C:/Users/dell/Microprocessor/microprocessor.srcs/sources_1/new/muxx32.v" into library xil_defaultlib
INFO: [VRFC 10-311] analyzing module muxx32
INFO: [VRFC 10-2263] Analyzing Verilog file "C:/Users/dell/Microprocessor/microprocessor.srcs/sources_1/new/muxx4.v" into library xil_defaultlib
INFO: [VRFC 10-311] analyzing module muxx4
INFO: [VRFC 10-2263] Analyzing Verilog file "C:/Users/dell/Microprocessor/microprocessor.srcs/sources_1/new/muxx8.v" into library xil_defaultlib
INFO: [VRFC 10-311] analyzing module muxx8
INFO: [VRFC 10-2263] Analyzing Verilog file "C:/Users/dell/Microprocessor/microprocessor.srcs/sources_1/new/opblock.v" into library xil_defaultlib
INFO: [VRFC 10-311] analyzing module Mblock
INFO: [VRFC 10-2263] Analyzing Verilog file "C:/Users/dell/Microprocessor/microprocessor.srcs/sources_1/new/reg2_8.v" into library xil_defaultlib
INFO: [VRFC 10-311] analyzing module reg2_8
INFO: [VRFC 10-2263] Analyzing Verilog file "C:/Users/dell/Microprocessor/microprocessor.srcs/sim_1/new/testCPU.v" into library xil_defaultlib
INFO: [VRFC 10-311] analyzing module testCPU
